[2024-07-30 07:41:08] local.ERROR: SQLSTATE[HY000] [1045] Access denied for user 'root'@'localhost' (using password: YES) (Connection: mysql, SQL: delete from `cache`) {"exception":"[object] (Illuminate\\Database\\QueryException(code: 1045): SQLSTATE[HY000] [1045] Access denied for user 'root'@'localhost' (using password: YES) (Connection: mysql, SQL: delete from `cache`) at /var/www/html/Cadiothoracic/surgery_data_entry/vendor/laravel/framework/src/Illuminate/Database/Connection.php:813)
[stacktrace]
#0 /var/www/html/Cadiothoracic/surgery_data_entry/vendor/laravel/framework/src/Illuminate/Database/Connection.php(767): Illuminate\\Database\\Connection->runQueryCallback()
#1 /var/www/html/Cadiothoracic/surgery_data_entry/vendor/laravel/framework/src/Illuminate/Database/Connection.php(584): Illuminate\\Database\\Connection->run()
#2 /var/www/html/Cadiothoracic/surgery_data_entry/vendor/laravel/framework/src/Illuminate/Database/Connection.php(548): Illuminate\\Database\\Connection->affectingStatement()
#3 /var/www/html/Cadiothoracic/surgery_data_entry/vendor/laravel/framework/src/Illuminate/Database/Query/Builder.php(3925): Illuminate\\Database\\Connection->delete()
#4 /var/www/html/Cadiothoracic/surgery_data_entry/vendor/laravel/framework/src/Illuminate/Cache/DatabaseStore.php(340): Illuminate\\Database\\Query\\Builder->delete()
#5 /var/www/html/Cadiothoracic/surgery_data_entry/vendor/laravel/framework/src/Illuminate/Cache/Repository.php(740): Illuminate\\Cache\\DatabaseStore->flush()
#6 /var/www/html/Cadiothoracic/surgery_data_entry/vendor/laravel/framework/src/Illuminate/Cache/Console/ClearCommand.php(69): Illuminate\\Cache\\Repository->__call()
#7 /var/www/html/Cadiothoracic/surgery_data_entry/vendor/laravel/framework/src/Illuminate/Container/BoundMethod.php(36): Illuminate\\Cache\\Console\\ClearCommand->handle()
#8 /var/www/html/Cadiothoracic/surgery_data_entry/vendor/laravel/framework/src/Illuminate/Container/Util.php(41): Illuminate\\Container\\BoundMethod::Illuminate\\Container\\{closure}()
#9 /var/www/html/Cadiothoracic/surgery_data_entry/vendor/laravel/framework/src/Illuminate/Container/BoundMethod.php(93): Illuminate\\Container\\Util::unwrapIfClosure()
#10 /var/www/html/Cadiothoracic/surgery_data_entry/vendor/laravel/framework/src/Illuminate/Container/BoundMethod.php(35): Illuminate\\Container\\BoundMethod::callBoundMethod()
#11 /var/www/html/Cadiothoracic/surgery_data_entry/vendor/laravel/framework/src/Illuminate/Container/Container.php(690): Illuminate\\Container\\BoundMethod::call()
#12 /var/www/html/Cadiothoracic/surgery_data_entry/vendor/laravel/framework/src/Illuminate/Console/Command.php(213): Illuminate\\Container\\Container->call()
#13 /var/www/html/Cadiothoracic/surgery_data_entry/vendor/symfony/console/Command/Command.php(279): Illuminate\\Console\\Command->execute()
#14 /var/www/html/Cadiothoracic/surgery_data_entry/vendor/laravel/framework/src/Illuminate/Console/Command.php(182): Symfony\\Component\\Console\\Command\\Command->run()
#15 /var/www/html/Cadiothoracic/surgery_data_entry/vendor/symfony/console/Application.php(1047): Illuminate\\Console\\Command->run()
#16 /var/www/html/Cadiothoracic/surgery_data_entry/vendor/symfony/console/Application.php(316): Symfony\\Component\\Console\\Application->doRunCommand()
#17 /var/www/html/Cadiothoracic/surgery_data_entry/vendor/symfony/console/Application.php(167): Symfony\\Component\\Console\\Application->doRun()
#18 /var/www/html/Cadiothoracic/surgery_data_entry/vendor/laravel/framework/src/Illuminate/Foundation/Console/Kernel.php(196): Symfony\\Component\\Console\\Application->run()
#19 /var/www/html/Cadiothoracic/surgery_data_entry/vendor/laravel/framework/src/Illuminate/Foundation/Application.php(1203): Illuminate\\Foundation\\Console\\Kernel->handle()
#20 /var/www/html/Cadiothoracic/surgery_data_entry/artisan(13): Illuminate\\Foundation\\Application->handleCommand()
#21 {main}

[previous exception] [object] (PDOException(code: 1045): SQLSTATE[HY000] [1045] Access denied for user 'root'@'localhost' (using password: YES) at /var/www/html/Cadiothoracic/surgery_data_entry/vendor/laravel/framework/src/Illuminate/Database/Connectors/Connector.php:65)
[stacktrace]
#0 /var/www/html/Cadiothoracic/surgery_data_entry/vendor/laravel/framework/src/Illuminate/Database/Connectors/Connector.php(65): PDO->__construct()
#1 /var/www/html/Cadiothoracic/surgery_data_entry/vendor/laravel/framework/src/Illuminate/Database/Connectors/Connector.php(44): Illuminate\\Database\\Connectors\\Connector->createPdoConnection()
#2 /var/www/html/Cadiothoracic/surgery_data_entry/vendor/laravel/framework/src/Illuminate/Database/Connectors/MySqlConnector.php(24): Illuminate\\Database\\Connectors\\Connector->createConnection()
#3 /var/www/html/Cadiothoracic/surgery_data_entry/vendor/laravel/framework/src/Illuminate/Database/Connectors/ConnectionFactory.php(185): Illuminate\\Database\\Connectors\\MySqlConnector->connect()
#4 [internal function]: Illuminate\\Database\\Connectors\\ConnectionFactory->Illuminate\\Database\\Connectors\\{closure}()
#5 /var/www/html/Cadiothoracic/surgery_data_entry/vendor/laravel/framework/src/Illuminate/Database/Connection.php(1219): call_user_func()
#6 /var/www/html/Cadiothoracic/surgery_data_entry/vendor/laravel/framework/src/Illuminate/Database/Connection.php(592): Illuminate\\Database\\Connection->getPdo()
#7 /var/www/html/Cadiothoracic/surgery_data_entry/vendor/laravel/framework/src/Illuminate/Database/Connection.php(800): Illuminate\\Database\\Connection->Illuminate\\Database\\{closure}()
#8 /var/www/html/Cadiothoracic/surgery_data_entry/vendor/laravel/framework/src/Illuminate/Database/Connection.php(767): Illuminate\\Database\\Connection->runQueryCallback()
#9 /var/www/html/Cadiothoracic/surgery_data_entry/vendor/laravel/framework/src/Illuminate/Database/Connection.php(584): Illuminate\\Database\\Connection->run()
#10 /var/www/html/Cadiothoracic/surgery_data_entry/vendor/laravel/framework/src/Illuminate/Database/Connection.php(548): Illuminate\\Database\\Connection->affectingStatement()
#11 /var/www/html/Cadiothoracic/surgery_data_entry/vendor/laravel/framework/src/Illuminate/Database/Query/Builder.php(3925): Illuminate\\Database\\Connection->delete()
#12 /var/www/html/Cadiothoracic/surgery_data_entry/vendor/laravel/framework/src/Illuminate/Cache/DatabaseStore.php(340): Illuminate\\Database\\Query\\Builder->delete()
#13 /var/www/html/Cadiothoracic/surgery_data_entry/vendor/laravel/framework/src/Illuminate/Cache/Repository.php(740): Illuminate\\Cache\\DatabaseStore->flush()
#14 /var/www/html/Cadiothoracic/surgery_data_entry/vendor/laravel/framework/src/Illuminate/Cache/Console/ClearCommand.php(69): Illuminate\\Cache\\Repository->__call()
#15 /var/www/html/Cadiothoracic/surgery_data_entry/vendor/laravel/framework/src/Illuminate/Container/BoundMethod.php(36): Illuminate\\Cache\\Console\\ClearCommand->handle()
#16 /var/www/html/Cadiothoracic/surgery_data_entry/vendor/laravel/framework/src/Illuminate/Container/Util.php(41): Illuminate\\Container\\BoundMethod::Illuminate\\Container\\{closure}()
#17 /var/www/html/Cadiothoracic/surgery_data_entry/vendor/laravel/framework/src/Illuminate/Container/BoundMethod.php(93): Illuminate\\Container\\Util::unwrapIfClosure()
#18 /var/www/html/Cadiothoracic/surgery_data_entry/vendor/laravel/framework/src/Illuminate/Container/BoundMethod.php(35): Illuminate\\Container\\BoundMethod::callBoundMethod()
#19 /var/www/html/Cadiothoracic/surgery_data_entry/vendor/laravel/framework/src/Illuminate/Container/Container.php(690): Illuminate\\Container\\BoundMethod::call()
#20 /var/www/html/Cadiothoracic/surgery_data_entry/vendor/laravel/framework/src/Illuminate/Console/Command.php(213): Illuminate\\Container\\Container->call()
#21 /var/www/html/Cadiothoracic/surgery_data_entry/vendor/symfony/console/Command/Command.php(279): Illuminate\\Console\\Command->execute()
#22 /var/www/html/Cadiothoracic/surgery_data_entry/vendor/laravel/framework/src/Illuminate/Console/Command.php(182): Symfony\\Component\\Console\\Command\\Command->run()
#23 /var/www/html/Cadiothoracic/surgery_data_entry/vendor/symfony/console/Application.php(1047): Illuminate\\Console\\Command->run()
#24 /var/www/html/Cadiothoracic/surgery_data_entry/vendor/symfony/console/Application.php(316): Symfony\\Component\\Console\\Application->doRunCommand()
#25 /var/www/html/Cadiothoracic/surgery_data_entry/vendor/symfony/console/Application.php(167): Symfony\\Component\\Console\\Application->doRun()
#26 /var/www/html/Cadiothoracic/surgery_data_entry/vendor/laravel/framework/src/Illuminate/Foundation/Console/Kernel.php(196): Symfony\\Component\\Console\\Application->run()
#27 /var/www/html/Cadiothoracic/surgery_data_entry/vendor/laravel/framework/src/Illuminate/Foundation/Application.php(1203): Illuminate\\Foundation\\Console\\Kernel->handle()
#28 /var/www/html/Cadiothoracic/surgery_data_entry/artisan(13): Illuminate\\Foundation\\Application->handleCommand()
#29 {main}
"} 
